\BOOKMARK [1][-]{section.1}{\376\377\000M\000o\000t\000i\000v\000a\000t\000i\000o\000n}{}% 1
\BOOKMARK [1][-]{section.2}{\376\377\000G\000e\000n\000e\000r\000a\000l\000\040\000m\000e\000t\000a\000-\000l\000e\000a\000r\000n\000i\000n\000g\000\040\000f\000o\000r\000m\000u\000l\000a\000t\000i\000o\000n}{}% 2
\BOOKMARK [1][-]{section.3}{\376\377\000P\000l\000a\000c\000i\000n\000g\000\040\0004\000\040\000m\000e\000t\000a\000-\000l\000e\000a\000r\000n\000i\000n\000g\000\040\000t\000e\000c\000h\000n\000i\000q\000u\000e\000s\000\040\000u\000n\000d\000e\000r\000\040\000t\000h\000e\000\040\000g\000e\000n\000e\000r\000a\000l\000\040\000f\000o\000r\000m\000u\000l\000a\000t\000i\000o\000n}{}% 3
\BOOKMARK [2][-]{subsection.3.1}{\376\377\000N\000A\000S\000-\000D\000A\000R\000T\000S}{section.3}% 4
\BOOKMARK [2][-]{subsection.3.2}{\376\377\000P\000r\000i\000o\000r\000\040\000o\000p\000t\000i\000m\000i\000z\000a\000t\000i\000o\000n\000\040\000-\000\040\000E\000m\000p\000i\000r\000i\000c\000a\000l\000\040\000B\000a\000y\000e\000s}{section.3}% 5
\BOOKMARK [2][-]{subsection.3.3}{\376\377\000M\000A\000M\000L}{section.3}% 6
\BOOKMARK [2][-]{subsection.3.4}{\376\377\000L\000o\000s\000s\000\040\000f\000u\000n\000c\000t\000i\000o\000n\000\040\000m\000e\000t\000a\000-\000l\000e\000a\000r\000n\000i\000n\000g}{section.3}% 7
\BOOKMARK [1][-]{section.4}{\376\377\000M\000a\000k\000i\000n\000g\000\040\000t\000a\000s\000k\000-\000s\000p\000e\000c\000i\000f\000i\000c\000\040\000t\000e\000c\000h\000n\000i\000q\000u\000e\000s\000\040\000\050\000P\000r\000o\000b\000l\000e\000m\000\040\0001\000\051\000\040\000b\000e\000\040\000t\000a\000s\000k\000-\000a\000g\000n\000o\000s\000t\000i\000c\000\040\000\050\000P\000r\000o\000b\000l\000e\000m\000\040\0002\000\051}{}% 8
\BOOKMARK [1][-]{section.5}{\376\377\000A\000d\000d\000r\000e\000s\000s\000i\000n\000g\000\040\000P\000r\000o\000b\000l\000e\000m\000\040\000\050\0003\000\051}{}% 9
\BOOKMARK [1][-]{section.6}{\376\377\000B\000a\000y\000e\000s\000i\000a\000n\000\040\000w\000a\000y\000\040\000f\000o\000r\000\040\000a\000d\000d\000r\000e\000s\000s\000i\000n\000g\000\040\000P\000r\000o\000b\000l\000e\000m\000\040\000\050\0003\000\051}{}% 10
\BOOKMARK [2][-]{subsection.6.1}{\376\377\000B\000a\000y\000e\000s\000i\000a\000n\000\040\000N\000A\000S}{section.6}% 11
\BOOKMARK [2][-]{subsection.6.2}{\376\377\000M\000e\000t\000a\000\040\000a\000r\000c\000h\000i\000t\000e\000c\000t\000u\000r\000e\000\040\000s\000e\000a\000r\000c\000h}{section.6}% 12
\BOOKMARK [1][-]{section.7}{\376\377\000G\000e\000n\000e\000r\000a\000l\000\040\000a\000l\000g\000o\000r\000i\000t\000h\000m\000s}{}% 13
\BOOKMARK [1][-]{section.8}{\376\377\000G\000r\000a\000d\000i\000e\000n\000t\000\040\000o\000f\000\040\000m\000e\000t\000a\000-\000o\000b\000j\000e\000c\000t\000i\000v\000e\000\040\000L\0001\000\040\000w\000i\000t\000h\000\040\000r\000e\000s\000p\000e\000c\000t\000\040\000t\000o\000\040\000x}{}% 14
\BOOKMARK [2][-]{subsection.8.1}{\376\377\000N\000A\000S\000-\000D\000A\000R\000T\000S}{section.8}% 15
\BOOKMARK [2][-]{subsection.8.2}{\376\377\000P\000r\000i\000o\000r\000\040\000o\000p\000t\000i\000m\000i\000z\000a\000t\000i\000o\000n\000\040\000-\000\040\000E\000m\000p\000i\000r\000i\000c\000a\000l\000\040\000B\000a\000y\000e\000s}{section.8}% 16
\BOOKMARK [2][-]{subsection.8.3}{\376\377\000M\000A\000M\000L}{section.8}% 17
\BOOKMARK [2][-]{subsection.8.4}{\376\377\000L\000o\000s\000s\000\040\000f\000u\000n\000c\000t\000i\000o\000n\000\040\000m\000e\000t\000a\000-\000l\000e\000a\000r\000n\000i\000n\000g}{section.8}% 18
\BOOKMARK [1][-]{section.9}{\376\377\000O\000p\000t\000i\000m\000i\000z\000a\000t\000i\000o\000n\000\040\000c\000o\000m\000m\000e\000n\000t\000s}{}% 19
\BOOKMARK [1][-]{section.10}{\376\377\000B\000e\000n\000c\000h\000m\000a\000r\000k\000\040\000r\000e\000g\000r\000e\000s\000s\000i\000o\000n\000\040\000t\000a\000s\000k\000s}{}% 20
\BOOKMARK [2][-]{subsection.10.1}{\376\377\0001\000D\000\040\000x\000\040\000/\000\040\0001\000D\000\040\000y}{section.10}% 21
\BOOKMARK [3][-]{subsubsection.10.1.1}{\376\377\000S\000i\000n\000u\000s\000o\000i\000d\000a\000l\000\040\000f\000u\000n\000c\000t\000i\000o\000n\000s\000\040\000w\000i\000t\000h\000\040\000v\000a\000r\000y\000i\000n\000g\000\040\000p\000h\000a\000s\000e\000\040\000s\000h\000i\000f\000t\000s}{subsection.10.1}% 22
\BOOKMARK [3][-]{subsubsection.10.1.2}{\376\377\000T\000a\000n\000h\000\040\000+\000\040\000s\000i\000n\000u\000s\000o\000i\000d\000a\000l\000\040\000f\000u\000n\000c\000t\000i\000o\000n\000s\000\040\000w\000i\000t\000h\000\040\000v\000a\000r\000y\000i\000n\000g\000\040\000s\000h\000a\000r\000p\000n\000e\000s\000s}{subsection.10.1}% 23
\BOOKMARK [2][-]{subsection.10.2}{\376\377\0002\000D\000\040\000x\000\040\000/\000\040\0001\000D\000\040\000y}{section.10}% 24
\BOOKMARK [3][-]{subsubsection.10.2.1}{\376\377\000P\000r\000o\000d\000u\000c\000t\000\040\000o\000f\000\040\000s\000i\000n\000e\000s\000\040\000w\000i\000t\000h\000\040\000v\000a\000r\000y\000i\000n\000g\000\040\000f\000r\000e\000q\000u\000e\000n\000c\000y}{subsection.10.2}% 25
\BOOKMARK [2][-]{subsection.10.3}{\376\377\0002\000D\000\040\000x\000\040\000/\000\040\0002\000D\000\040\000y}{section.10}% 26
\BOOKMARK [3][-]{subsubsection.10.3.1}{\376\377\000P\000r\000o\000d\000u\000c\000t\000\040\000o\000f\000\040\000s\000i\000n\000e\000s\000\040\000a\000n\000d\000\040\000c\000o\000s\000i\000n\000e\000s\000\040\000w\000i\000t\000h\000\040\000v\000a\000r\000y\000i\000n\000g\000\040\000f\000r\000e\000q\000u\000e\000n\000c\000i\000e\000s}{subsection.10.3}% 27
\BOOKMARK [1][-]{figure.caption.6}{\376\377\000R\000e\000f\000e\000r\000e\000n\000c\000e\000s}{}% 28
